<?xml version="1.0" encoding="UTF-8"?>
<!-- Generated by org.testng.reporters.JUnitReportReporter -->
<testsuite hostname="DESKTOP-6P22Q5P" failures="0" tests="1" name="in.reqres.test.RegisterUser" time="2.714" errors="0" timestamp="2024-01-22T14:44:57 IST" skipped="0">
  <testcase classname="in.reqres.test.RegisterUser" name="registerUser" time="2.714"/>
</testsuite> <!-- in.reqres.test.RegisterUser -->
