<?xml version="1.0" encoding="UTF-8"?>
<!-- Generated by org.testng.reporters.JUnitReportReporter -->
<testsuite hostname="DESKTOP-6P22Q5P" failures="0" tests="1" name="in.reqres.test.GetUsers" time="2.212" errors="0" timestamp="2024-01-22T14:46:03 IST" skipped="0">
  <testcase classname="in.reqres.test.GetUsers" name="getUsers" time="2.212"/>
</testsuite> <!-- in.reqres.test.GetUsers -->
