<?xml version="1.0" encoding="UTF-8"?>
<!-- Generated by org.testng.reporters.JUnitReportReporter -->
<testsuite hostname="DESKTOP-6P22Q5P" failures="0" tests="1" name="in.reqres.test.LoggingRequest" time="2.092" errors="0" timestamp="2024-01-22T14:47:22 IST" skipped="0">
  <testcase classname="in.reqres.test.LoggingRequest" name="Logging_Request" time="2.092"/>
</testsuite> <!-- in.reqres.test.LoggingRequest -->
