<?xml version="1.0" encoding="UTF-8"?>
<!-- Generated by org.testng.reporters.JUnitReportReporter -->
<testsuite hostname="DESKTOP-6P22Q5P" failures="0" tests="1" name="in.reqres.test.LoginUsers" time="2.668" errors="0" timestamp="2024-01-22T14:47:13 IST" skipped="0">
  <testcase classname="in.reqres.test.LoginUsers" name="Login_User" time="2.668"/>
</testsuite> <!-- in.reqres.test.LoginUsers -->
